
> build
> vite build

vite v8.0.0 building ssr environment for production...
[2Ktransforming...✓ 194 modules transformed.
rendering chunks...

node:internal/event_target:1118
  process.nextTick(() => { throw err; });
                           ^
Error [ERR_MODULE_NOT_FOUND]: Cannot find module '/Users/lvt53/Desktop/langflow-design/.svelte-kit/output/server/manifest-full.js' imported from /Users/lvt53/Desktop/langflow-design/node_modules/@sveltejs/kit/src/core/postbuild/analyse.js
    at finalizeResolution (node:internal/modules/esm/resolve:271:11)
    at moduleResolve (node:internal/modules/esm/resolve:861:10)
    at defaultResolve (node:internal/modules/esm/resolve:988:11)
    at #cachedDefaultResolve (node:internal/modules/esm/loader:697:20)
    at #resolveAndMaybeBlockOnLoaderThread (node:internal/modules/esm/loader:714:38)
    at ModuleLoader.resolveSync (node:internal/modules/esm/loader:746:52)
    at #resolve (node:internal/modules/esm/loader:679:17)
    at ModuleLoader.getOrCreateModuleJob (node:internal/modules/esm/loader:599:35)
    at onImport.tracePromise.__proto__ (node:internal/modules/esm/loader:628:32)
    at TracingChannel.tracePromise (node:diagnostics_channel:362:14) {
  code: 'ERR_MODULE_NOT_FOUND',
  url: 'file:///Users/lvt53/Desktop/langflow-design/.svelte-kit/output/server/manifest-full.js'
}

Node.js v25.8.1
